<?xml version="1.0" encoding="UTF-8"?>
<testng-results ignored="0" total="2" passed="2" failed="0" skipped="0">
  <reporter-output>
    <line>
      <![CDATA[<br><img src='screenshots/.\test-output\screenshots\20250112_201002.png' height='300' width='300'/><br>]]>
    </line>
    <line>
      <![CDATA[<br><img src='screenshots/.\test-output\screenshots\20250112_201003.png' height='300' width='300'/><br>]]>
    </line>
    <line>
      <![CDATA[<br><img src='screenshots/.\test-output\screenshots\20250112_201004.png' height='300' width='300'/><br>]]>
    </line>
  </reporter-output>
  <suite started-at="2025-01-12T20:09:12 IST" name="Default suite" finished-at="2025-01-12T20:10:04 IST" duration-ms="52832">
    <groups>
    </groups>
    <test started-at="2025-01-12T20:09:12 IST" name="Default test" finished-at="2025-01-12T20:10:04 IST" duration-ms="52832">
      <class name="tests.Tests">
        <test-method is-config="true" signature="testsetUp()[pri:0, instance:tests.Tests@1cf6d1be]" started-at="2025-01-12T20:09:12 IST" name="testsetUp" finished-at="2025-01-12T20:09:22 IST" duration-ms="10096" status="PASS">
          <reporter-output>
          </reporter-output>
        </test-method> <!-- testsetUp -->
        <test-method signature="pagesetup()[pri:0, instance:tests.Tests@1cf6d1be]" started-at="2025-01-12T20:09:22 IST" name="pagesetup" finished-at="2025-01-12T20:09:24 IST" duration-ms="1874" status="PASS">
          <reporter-output>
          </reporter-output>
        </test-method> <!-- pagesetup -->
        <test-method signature="search_items()[pri:0, instance:tests.Tests@1cf6d1be]" started-at="2025-01-12T20:09:24 IST" name="search_items" finished-at="2025-01-12T20:10:04 IST" duration-ms="40357" status="PASS">
          <reporter-output>
            <line>
              <![CDATA[<br><img src='screenshots/.\test-output\screenshots\20250112_201002.png' height='300' width='300'/><br>]]>
            </line>
            <line>
              <![CDATA[<br><img src='screenshots/.\test-output\screenshots\20250112_201003.png' height='300' width='300'/><br>]]>
            </line>
            <line>
              <![CDATA[<br><img src='screenshots/.\test-output\screenshots\20250112_201004.png' height='300' width='300'/><br>]]>
            </line>
          </reporter-output>
        </test-method> <!-- search_items -->
        <test-method is-config="true" signature="teardown()[pri:0, instance:tests.Tests@1cf6d1be]" started-at="2025-01-12T20:10:04 IST" name="teardown" finished-at="2025-01-12T20:10:04 IST" duration-ms="454" status="PASS">
          <reporter-output>
          </reporter-output>
        </test-method> <!-- teardown -->
      </class> <!-- tests.Tests -->
    </test> <!-- Default test -->
  </suite> <!-- Default suite -->
</testng-results>
